c:\users\duc.nguyenvan5\documents\visual studio 2013\projects\cppdemogameengine\demogame\demo\debug\vc120.pdb
c:\users\duc.nguyenvan5\documents\visual studio 2013\projects\cppdemogameengine\demogame\demo\debug\vc120.idb
c:\users\duc.nguyenvan5\documents\visual studio 2013\projects\cppdemogameengine\demogame\demo\debug\bullet.obj
c:\users\duc.nguyenvan5\documents\visual studio 2013\projects\cppdemogameengine\demogame\demo\debug\eddybullet.obj
c:\users\duc.nguyenvan5\documents\visual studio 2013\projects\cppdemogameengine\demogame\demo\debug\gameoverstate.obj
c:\users\duc.nguyenvan5\documents\visual studio 2013\projects\cppdemogameengine\demogame\demo\debug\gameplaystate.obj
c:\users\duc.nguyenvan5\documents\visual studio 2013\projects\cppdemogameengine\demogame\demo\debug\hidebullet.obj
c:\users\duc.nguyenvan5\documents\visual studio 2013\projects\cppdemogameengine\demogame\demo\debug\logostate.obj
c:\users\duc.nguyenvan5\documents\visual studio 2013\projects\cppdemogameengine\demogame\demo\debug\main.obj
c:\users\duc.nguyenvan5\documents\visual studio 2013\projects\cppdemogameengine\demogame\demo\debug\mainmenustate.obj
c:\users\duc.nguyenvan5\documents\visual studio 2013\projects\cppdemogameengine\demogame\demo\debug\normalbullet.obj
c:\users\duc.nguyenvan5\documents\visual studio 2013\projects\cppdemogameengine\demogame\demo\debug\object.obj
c:\users\duc.nguyenvan5\documents\visual studio 2013\projects\cppdemogameengine\demogame\demo\debug\resourcemanager.obj
c:\users\duc.nguyenvan5\documents\visual studio 2013\projects\cppdemogameengine\demogame\demo\debug\rock.obj
c:\users\duc.nguyenvan5\documents\visual studio 2013\projects\cppdemogameengine\demogame\demo\debug\spaceshooter.obj
c:\users\duc.nguyenvan5\documents\visual studio 2013\projects\cppdemogameengine\demogame\demo\debug\state.obj
c:\users\duc.nguyenvan5\documents\visual studio 2013\projects\cppdemogameengine\demogame\demo\debug\statemachine.obj
c:\users\duc.nguyenvan5\documents\visual studio 2013\projects\cppdemogameengine\demogame\bin\demo.ilk
c:\users\duc.nguyenvan5\documents\visual studio 2013\projects\cppdemogameengine\demogame\bin\demo.exe
c:\users\duc.nguyenvan5\documents\visual studio 2013\projects\cppdemogameengine\demogame\bin\demo.pdb
c:\users\duc.nguyenvan5\documents\visual studio 2013\projects\cppdemogameengine\demogame\demo\..\bin\demo.exe
c:\users\duc.nguyenvan5\documents\visual studio 2013\projects\cppdemogameengine\demogame\demo\debug\demo.tlog\cl.command.1.tlog
c:\users\duc.nguyenvan5\documents\visual studio 2013\projects\cppdemogameengine\demogame\demo\debug\demo.tlog\cl.read.1.tlog
c:\users\duc.nguyenvan5\documents\visual studio 2013\projects\cppdemogameengine\demogame\demo\debug\demo.tlog\cl.write.1.tlog
c:\users\duc.nguyenvan5\documents\visual studio 2013\projects\cppdemogameengine\demogame\demo\debug\demo.tlog\link.command.1.tlog
c:\users\duc.nguyenvan5\documents\visual studio 2013\projects\cppdemogameengine\demogame\demo\debug\demo.tlog\link.read.1.tlog
c:\users\duc.nguyenvan5\documents\visual studio 2013\projects\cppdemogameengine\demogame\demo\debug\demo.tlog\link.write.1.tlog
